<?xml version="1.0" encoding="windows-1252" standalone="no"?>
<!DOCTYPE log SYSTEM "logger.dtd">
<log>
<record>
  <date>2019-03-04T23:35:56</date>
  <millis>1551742556525</millis>
  <sequence>3</sequence>
  <logger>global</logger>
  <level>SEVERE</level>
  <class>com.tutorialspoint.eclipselink.service.FindEmployee</class>
  <method>main</method>
  <thread>1</thread>
  <message>file logging test</message>
</record>
</log>
<?xml version="1.0" encoding="windows-1252" standalone="no"?>
<!DOCTYPE log SYSTEM "logger.dtd">
<log>
<record>
  <date>2019-03-04T23:37:53</date>
  <millis>1551742673702</millis>
  <sequence>3</sequence>
  <logger>global</logger>
  <level>INFO</level>
  <class>com.tutorialspoint.eclipselink.service.FindEmployee</class>
  <method>main</method>
  <thread>1</thread>
  <message>file logging test</message>
</record>
</log>
